[25-01-22 04:49:28] [INFO] [DEBUG] onEnable start -> 1737517768842

[25-01-22 04:49:28] [INFO] [DEBUG] Starting load of Config at 1737517768912
[25-01-22 04:49:28] [INFO] [DEBUG] Config has been loaded. (took 26ms)
[25-01-22 04:49:28] [INFO] [DEBUG] Starting load of Lang at 1737517768939
[25-01-22 04:49:28] [INFO] [DEBUG] Lang has been loaded. (took 33ms)
[25-01-22 04:49:28] [INFO] [DEBUG] Starting load of UserManagerImpl at 1737517768972
[25-01-22 04:49:28] [INFO] [DEBUG] UserManagerImpl has been loaded. (took 0ms)
[25-01-22 04:49:28] [INFO] [DEBUG] Starting load of GuiListener at 1737517768972
[25-01-22 04:49:28] [INFO] [DEBUG] GuiListener has been loaded. (took 0ms)
[25-01-22 04:49:28] [INFO] [DEBUG] Starting load of KitManagerImpl at 1737517768972
[25-01-22 04:49:28] [INFO] KitManagerImpl: Loaded 0 kit(s).
[25-01-22 04:49:28] [INFO] [DEBUG] KitManagerImpl has been loaded. (took 13ms)
[25-01-22 04:49:28] [INFO] [DEBUG] Starting load of ArenaManagerImpl at 1737517768985
[25-01-22 04:49:28] [INFO] ArenaManagerImpl: Loaded 0 arena(s).
[25-01-22 04:49:28] [INFO] [DEBUG] ArenaManagerImpl has been loaded. (took 1ms)
[25-01-22 04:49:28] [INFO] [DEBUG] Starting load of SettingsManager at 1737517768986
[25-01-22 04:49:28] [INFO] [DEBUG] SettingsManager has been loaded. (took 0ms)
[25-01-22 04:49:28] [INFO] [DEBUG] Starting load of PlayerInfoManager at 1737517768986
[25-01-22 04:49:28] [WARNING] PlayerInfoManager: Lobby location was not set, using world's spawn location as default. Use the command /duels setlobby in-game to set the lobby location.
[25-01-22 04:49:28] [INFO] [DEBUG] PlayerInfoManager has been loaded. (took 1ms)
[25-01-22 04:49:28] [INFO] [DEBUG] Starting load of SpectateManagerImpl at 1737517768987
[25-01-22 04:49:28] [INFO] [DEBUG] SpectateManagerImpl has been loaded. (took 0ms)
[25-01-22 04:49:28] [INFO] [DEBUG] Starting load of BettingManager at 1737517768987
[25-01-22 04:49:28] [INFO] BettingManager: Vault was not found! Money betting feature will be automatically disabled.
[25-01-22 04:49:28] [INFO] [DEBUG] BettingManager has been loaded. (took 0ms)
[25-01-22 04:49:28] [INFO] [DEBUG] Starting load of InventoryManager at 1737517768987
[25-01-22 04:49:28] [INFO] [DEBUG] InventoryManager has been loaded. (took 1ms)
[25-01-22 04:49:28] [INFO] [DEBUG] Starting load of DuelManager at 1737517768988
[25-01-22 04:49:28] [INFO] [DEBUG] DuelManager has been loaded. (took 0ms)
[25-01-22 04:49:28] [INFO] [DEBUG] Starting load of QueueManager at 1737517768988
[25-01-22 04:49:28] [INFO] QueueManager: Loaded 0 queue(s).
[25-01-22 04:49:28] [INFO] [DEBUG] QueueManager has been loaded. (took 1ms)
[25-01-22 04:49:28] [INFO] [DEBUG] Starting load of QueueSignManagerImpl at 1737517768989
[25-01-22 04:49:28] [INFO] QueueSignManagerImpl: Loaded 0 queue sign(s).
[25-01-22 04:49:28] [INFO] [DEBUG] QueueSignManagerImpl has been loaded. (took 1ms)
[25-01-22 04:49:28] [INFO] [DEBUG] Starting load of RequestManager at 1737517768990
[25-01-22 04:49:28] [INFO] [DEBUG] RequestManager has been loaded. (took 0ms)
[25-01-22 04:49:28] [INFO] [DEBUG] Starting load of Teleport at 1737517768990
[25-01-22 04:49:28] [INFO] [DEBUG] Teleport has been loaded. (took 1ms)
[25-01-22 04:49:28] [INFO] [DEBUG] Starting load of ExtensionManager at 1737517768991
[25-01-22 04:49:28] [INFO] [DEBUG] ExtensionManager has been loaded. (took 0ms)
[25-01-22 04:49:29] [INFO] No updates were available. You are on the latest version!
[25-01-22 04:55:56] [INFO] [DEBUG] onDisable start -> 1737518156825

[25-01-22 04:55:56] [INFO] [DEBUG] Starting unload of ExtensionManager at 1737518156826
[25-01-22 04:55:56] [INFO] [DEBUG] ExtensionManager has been unloaded. (took 0ms)
[25-01-22 04:55:56] [INFO] [DEBUG] Starting unload of Teleport at 1737518156826
[25-01-22 04:55:56] [INFO] [DEBUG] Teleport has been unloaded. (took 0ms)
[25-01-22 04:55:56] [INFO] [DEBUG] Starting unload of RequestManager at 1737518156826
[25-01-22 04:55:56] [INFO] [DEBUG] RequestManager has been unloaded. (took 0ms)
[25-01-22 04:55:56] [INFO] [DEBUG] Starting unload of QueueSignManagerImpl at 1737518156826
[25-01-22 04:55:56] [INFO] [DEBUG] QueueSignManagerImpl has been unloaded. (took 0ms)
[25-01-22 04:55:56] [INFO] [DEBUG] Starting unload of QueueManager at 1737518156827
[25-01-22 04:55:56] [INFO] [DEBUG] QueueManager has been unloaded. (took 0ms)
[25-01-22 04:55:56] [INFO] [DEBUG] Starting unload of DuelManager at 1737518156827
[25-01-22 04:55:56] [INFO] [DEBUG] DuelManager has been unloaded. (took 0ms)
[25-01-22 04:55:56] [INFO] [DEBUG] Starting unload of InventoryManager at 1737518156827
[25-01-22 04:55:56] [INFO] [DEBUG] InventoryManager has been unloaded. (took 0ms)
[25-01-22 04:55:56] [INFO] [DEBUG] Starting unload of BettingManager at 1737518156827
[25-01-22 04:55:56] [INFO] [DEBUG] BettingManager has been unloaded. (took 0ms)
[25-01-22 04:55:56] [INFO] [DEBUG] Starting unload of SpectateManagerImpl at 1737518156827
[25-01-22 04:55:56] [INFO] [DEBUG] SpectateManagerImpl has been unloaded. (took 0ms)
[25-01-22 04:55:56] [INFO] [DEBUG] Starting unload of PlayerInfoManager at 1737518156827
[25-01-22 04:55:56] [INFO] [DEBUG] PlayerInfoManager has been unloaded. (took 0ms)
[25-01-22 04:55:56] [INFO] [DEBUG] Starting unload of SettingsManager at 1737518156827
[25-01-22 04:55:56] [INFO] [DEBUG] SettingsManager has been unloaded. (took 0ms)
[25-01-22 04:55:56] [INFO] [DEBUG] Starting unload of ArenaManagerImpl at 1737518156827
[25-01-22 04:55:56] [INFO] [DEBUG] ArenaManagerImpl has been unloaded. (took 1ms)
[25-01-22 04:55:56] [INFO] [DEBUG] Starting unload of KitManagerImpl at 1737518156828
[25-01-22 04:55:56] [INFO] [DEBUG] KitManagerImpl has been unloaded. (took 0ms)
[25-01-22 04:55:56] [INFO] [DEBUG] Starting unload of GuiListener at 1737518156828
[25-01-22 04:55:56] [INFO] [DEBUG] GuiListener has been unloaded. (took 0ms)
[25-01-22 04:55:56] [INFO] [DEBUG] Starting unload of UserManagerImpl at 1737518156828
[25-01-22 04:55:56] [INFO] [DEBUG] UserManagerImpl has been unloaded. (took 1ms)
[25-01-22 04:55:56] [INFO] [DEBUG] Starting unload of Lang at 1737518156829
[25-01-22 04:55:56] [INFO] [DEBUG] Lang has been unloaded. (took 0ms)
[25-01-22 04:55:56] [INFO] [DEBUG] Starting unload of Config at 1737518156829
[25-01-22 04:55:56] [INFO] [DEBUG] Config has been unloaded. (took 0ms)
[25-01-22 04:55:56] [INFO] [DEBUG] unload done (took 4ms)
[25-01-22 04:55:56] [INFO] [DEBUG] Log#clearSources done (took 0ms)
[25-01-22 04:56:21] [INFO] [DEBUG] onEnable start -> 1737518181130

[25-01-22 04:56:21] [INFO] [DEBUG] Starting load of Config at 1737518181173
[25-01-22 04:56:21] [INFO] [DEBUG] Config has been loaded. (took 14ms)
[25-01-22 04:56:21] [INFO] [DEBUG] Starting load of Lang at 1737518181187
[25-01-22 04:56:21] [INFO] [DEBUG] Lang has been loaded. (took 18ms)
[25-01-22 04:56:21] [INFO] [DEBUG] Starting load of UserManagerImpl at 1737518181206
[25-01-22 04:56:21] [INFO] [DEBUG] UserManagerImpl has been loaded. (took 0ms)
[25-01-22 04:56:21] [INFO] [DEBUG] Starting load of GuiListener at 1737518181206
[25-01-22 04:56:21] [INFO] [DEBUG] GuiListener has been loaded. (took 0ms)
[25-01-22 04:56:21] [INFO] [DEBUG] Starting load of KitManagerImpl at 1737518181206
[25-01-22 04:56:21] [INFO] KitManagerImpl: Loaded 0 kit(s).
[25-01-22 04:56:21] [INFO] [DEBUG] KitManagerImpl has been loaded. (took 9ms)
[25-01-22 04:56:21] [INFO] [DEBUG] Starting load of ArenaManagerImpl at 1737518181216
[25-01-22 04:56:21] [INFO] ArenaManagerImpl: Loaded 0 arena(s).
[25-01-22 04:56:21] [INFO] [DEBUG] ArenaManagerImpl has been loaded. (took 0ms)
[25-01-22 04:56:21] [INFO] [DEBUG] Starting load of SettingsManager at 1737518181216
[25-01-22 04:56:21] [INFO] [DEBUG] SettingsManager has been loaded. (took 0ms)
[25-01-22 04:56:21] [INFO] [DEBUG] Starting load of PlayerInfoManager at 1737518181216
[25-01-22 04:56:21] [WARNING] PlayerInfoManager: Lobby location was not set, using world's spawn location as default. Use the command /duels setlobby in-game to set the lobby location.
[25-01-22 04:56:21] [INFO] [DEBUG] PlayerInfoManager has been loaded. (took 1ms)
[25-01-22 04:56:21] [INFO] [DEBUG] Starting load of SpectateManagerImpl at 1737518181217
[25-01-22 04:56:21] [INFO] [DEBUG] SpectateManagerImpl has been loaded. (took 0ms)
[25-01-22 04:56:21] [INFO] [DEBUG] Starting load of BettingManager at 1737518181217
[25-01-22 04:56:21] [INFO] BettingManager: Vault was not found! Money betting feature will be automatically disabled.
[25-01-22 04:56:21] [INFO] [DEBUG] BettingManager has been loaded. (took 0ms)
[25-01-22 04:56:21] [INFO] [DEBUG] Starting load of InventoryManager at 1737518181217
[25-01-22 04:56:21] [INFO] [DEBUG] InventoryManager has been loaded. (took 1ms)
[25-01-22 04:56:21] [INFO] [DEBUG] Starting load of DuelManager at 1737518181218
[25-01-22 04:56:21] [INFO] [DEBUG] DuelManager has been loaded. (took 0ms)
[25-01-22 04:56:21] [INFO] [DEBUG] Starting load of QueueManager at 1737518181218
[25-01-22 04:56:21] [INFO] QueueManager: Loaded 0 queue(s).
[25-01-22 04:56:21] [INFO] [DEBUG] QueueManager has been loaded. (took 1ms)
[25-01-22 04:56:21] [INFO] [DEBUG] Starting load of QueueSignManagerImpl at 1737518181219
[25-01-22 04:56:21] [INFO] QueueSignManagerImpl: Loaded 0 queue sign(s).
[25-01-22 04:56:21] [INFO] [DEBUG] QueueSignManagerImpl has been loaded. (took 0ms)
[25-01-22 04:56:21] [INFO] [DEBUG] Starting load of RequestManager at 1737518181219
[25-01-22 04:56:21] [INFO] [DEBUG] RequestManager has been loaded. (took 0ms)
[25-01-22 04:56:21] [INFO] [DEBUG] Starting load of Teleport at 1737518181219
[25-01-22 04:56:21] [INFO] [DEBUG] Teleport has been loaded. (took 0ms)
[25-01-22 04:56:21] [INFO] [DEBUG] Starting load of ExtensionManager at 1737518181219
[25-01-22 04:56:21] [INFO] [DEBUG] ExtensionManager has been loaded. (took 0ms)
[25-01-22 04:56:21] [INFO] No updates were available. You are on the latest version!
[25-01-22 04:57:25] [INFO] [DEBUG] onDisable start -> 1737518245129

[25-01-22 04:57:25] [INFO] [DEBUG] Starting unload of ExtensionManager at 1737518245130
[25-01-22 04:57:25] [INFO] [DEBUG] ExtensionManager has been unloaded. (took 0ms)
[25-01-22 04:57:25] [INFO] [DEBUG] Starting unload of Teleport at 1737518245131
[25-01-22 04:57:25] [INFO] [DEBUG] Teleport has been unloaded. (took 0ms)
[25-01-22 04:57:25] [INFO] [DEBUG] Starting unload of RequestManager at 1737518245131
[25-01-22 04:57:25] [INFO] [DEBUG] RequestManager has been unloaded. (took 0ms)
[25-01-22 04:57:25] [INFO] [DEBUG] Starting unload of QueueSignManagerImpl at 1737518245131
[25-01-22 04:57:25] [INFO] [DEBUG] QueueSignManagerImpl has been unloaded. (took 0ms)
[25-01-22 04:57:25] [INFO] [DEBUG] Starting unload of QueueManager at 1737518245131
[25-01-22 04:57:25] [INFO] [DEBUG] QueueManager has been unloaded. (took 1ms)
[25-01-22 04:57:25] [INFO] [DEBUG] Starting unload of DuelManager at 1737518245132
[25-01-22 04:57:25] [INFO] [DEBUG] DuelManager has been unloaded. (took 0ms)
[25-01-22 04:57:25] [INFO] [DEBUG] Starting unload of InventoryManager at 1737518245132
[25-01-22 04:57:25] [INFO] [DEBUG] InventoryManager has been unloaded. (took 0ms)
[25-01-22 04:57:25] [INFO] [DEBUG] Starting unload of BettingManager at 1737518245132
[25-01-22 04:57:25] [INFO] [DEBUG] BettingManager has been unloaded. (took 0ms)
[25-01-22 04:57:25] [INFO] [DEBUG] Starting unload of SpectateManagerImpl at 1737518245132
[25-01-22 04:57:25] [INFO] [DEBUG] SpectateManagerImpl has been unloaded. (took 0ms)
[25-01-22 04:57:25] [INFO] [DEBUG] Starting unload of PlayerInfoManager at 1737518245132
[25-01-22 04:57:25] [INFO] [DEBUG] PlayerInfoManager has been unloaded. (took 0ms)
[25-01-22 04:57:25] [INFO] [DEBUG] Starting unload of SettingsManager at 1737518245133
[25-01-22 04:57:25] [INFO] [DEBUG] SettingsManager has been unloaded. (took 0ms)
[25-01-22 04:57:25] [INFO] [DEBUG] Starting unload of ArenaManagerImpl at 1737518245133
[25-01-22 04:57:25] [INFO] [DEBUG] ArenaManagerImpl has been unloaded. (took 0ms)
[25-01-22 04:57:25] [INFO] [DEBUG] Starting unload of KitManagerImpl at 1737518245133
[25-01-22 04:57:25] [INFO] [DEBUG] KitManagerImpl has been unloaded. (took 0ms)
[25-01-22 04:57:25] [INFO] [DEBUG] Starting unload of GuiListener at 1737518245133
[25-01-22 04:57:25] [INFO] [DEBUG] GuiListener has been unloaded. (took 0ms)
[25-01-22 04:57:25] [INFO] [DEBUG] Starting unload of UserManagerImpl at 1737518245133
[25-01-22 04:57:25] [INFO] [DEBUG] UserManagerImpl has been unloaded. (took 14ms)
[25-01-22 04:57:25] [INFO] [DEBUG] Starting unload of Lang at 1737518245147
[25-01-22 04:57:25] [INFO] [DEBUG] Lang has been unloaded. (took 0ms)
[25-01-22 04:57:25] [INFO] [DEBUG] Starting unload of Config at 1737518245147
[25-01-22 04:57:25] [INFO] [DEBUG] Config has been unloaded. (took 0ms)
[25-01-22 04:57:25] [INFO] [DEBUG] unload done (took 18ms)
[25-01-22 04:57:25] [INFO] [DEBUG] Log#clearSources done (took 0ms)
[25-01-22 04:57:46] [INFO] [DEBUG] onEnable start -> 1737518266428

[25-01-22 04:57:46] [INFO] [DEBUG] Starting load of Config at 1737518266463
[25-01-22 04:57:46] [INFO] [DEBUG] Config has been loaded. (took 11ms)
[25-01-22 04:57:46] [INFO] [DEBUG] Starting load of Lang at 1737518266474
[25-01-22 04:57:46] [INFO] [DEBUG] Lang has been loaded. (took 15ms)
[25-01-22 04:57:46] [INFO] [DEBUG] Starting load of UserManagerImpl at 1737518266489
[25-01-22 04:57:46] [INFO] [DEBUG] UserManagerImpl has been loaded. (took 0ms)
[25-01-22 04:57:46] [INFO] [DEBUG] Starting load of GuiListener at 1737518266490
[25-01-22 04:57:46] [INFO] [DEBUG] GuiListener has been loaded. (took 0ms)
[25-01-22 04:57:46] [INFO] [DEBUG] Starting load of KitManagerImpl at 1737518266490
[25-01-22 04:57:46] [INFO] KitManagerImpl: Loaded 0 kit(s).
[25-01-22 04:57:46] [INFO] [DEBUG] KitManagerImpl has been loaded. (took 10ms)
[25-01-22 04:57:46] [INFO] [DEBUG] Starting load of ArenaManagerImpl at 1737518266500
[25-01-22 04:57:46] [INFO] ArenaManagerImpl: Loaded 0 arena(s).
[25-01-22 04:57:46] [INFO] [DEBUG] ArenaManagerImpl has been loaded. (took 0ms)
[25-01-22 04:57:46] [INFO] [DEBUG] Starting load of SettingsManager at 1737518266501
[25-01-22 04:57:46] [INFO] [DEBUG] SettingsManager has been loaded. (took 0ms)
[25-01-22 04:57:46] [INFO] [DEBUG] Starting load of PlayerInfoManager at 1737518266501
[25-01-22 04:57:46] [WARNING] PlayerInfoManager: Lobby location was not set, using world's spawn location as default. Use the command /duels setlobby in-game to set the lobby location.
[25-01-22 04:57:46] [INFO] [DEBUG] PlayerInfoManager has been loaded. (took 0ms)
[25-01-22 04:57:46] [INFO] [DEBUG] Starting load of SpectateManagerImpl at 1737518266501
[25-01-22 04:57:46] [INFO] [DEBUG] SpectateManagerImpl has been loaded. (took 0ms)
[25-01-22 04:57:46] [INFO] [DEBUG] Starting load of BettingManager at 1737518266501
[25-01-22 04:57:46] [INFO] BettingManager: Vault was not found! Money betting feature will be automatically disabled.
[25-01-22 04:57:46] [INFO] [DEBUG] BettingManager has been loaded. (took 1ms)
[25-01-22 04:57:46] [INFO] [DEBUG] Starting load of InventoryManager at 1737518266502
[25-01-22 04:57:46] [INFO] [DEBUG] InventoryManager has been loaded. (took 0ms)
[25-01-22 04:57:46] [INFO] [DEBUG] Starting load of DuelManager at 1737518266502
[25-01-22 04:57:46] [INFO] [DEBUG] DuelManager has been loaded. (took 0ms)
[25-01-22 04:57:46] [INFO] [DEBUG] Starting load of QueueManager at 1737518266502
[25-01-22 04:57:46] [INFO] QueueManager: Loaded 0 queue(s).
[25-01-22 04:57:46] [INFO] [DEBUG] QueueManager has been loaded. (took 1ms)
[25-01-22 04:57:46] [INFO] [DEBUG] Starting load of QueueSignManagerImpl at 1737518266503
[25-01-22 04:57:46] [INFO] QueueSignManagerImpl: Loaded 0 queue sign(s).
[25-01-22 04:57:46] [INFO] [DEBUG] QueueSignManagerImpl has been loaded. (took 0ms)
[25-01-22 04:57:46] [INFO] [DEBUG] Starting load of RequestManager at 1737518266503
[25-01-22 04:57:46] [INFO] [DEBUG] RequestManager has been loaded. (took 0ms)
[25-01-22 04:57:46] [INFO] [DEBUG] Starting load of Teleport at 1737518266503
[25-01-22 04:57:46] [INFO] [DEBUG] Teleport has been loaded. (took 1ms)
[25-01-22 04:57:46] [INFO] [DEBUG] Starting load of ExtensionManager at 1737518266504
[25-01-22 04:57:46] [INFO] [DEBUG] ExtensionManager has been loaded. (took 0ms)
[25-01-22 04:57:46] [INFO] No updates were available. You are on the latest version!
[25-01-22 05:00:52] [INFO] [DEBUG] onDisable start -> 1737518452825

[25-01-22 05:00:52] [INFO] [DEBUG] Starting unload of ExtensionManager at 1737518452827
[25-01-22 05:00:52] [INFO] [DEBUG] ExtensionManager has been unloaded. (took 0ms)
[25-01-22 05:00:52] [INFO] [DEBUG] Starting unload of Teleport at 1737518452827
[25-01-22 05:00:52] [INFO] [DEBUG] Teleport has been unloaded. (took 0ms)
[25-01-22 05:00:52] [INFO] [DEBUG] Starting unload of RequestManager at 1737518452827
[25-01-22 05:00:52] [INFO] [DEBUG] RequestManager has been unloaded. (took 0ms)
[25-01-22 05:00:52] [INFO] [DEBUG] Starting unload of QueueSignManagerImpl at 1737518452827
[25-01-22 05:00:52] [INFO] [DEBUG] QueueSignManagerImpl has been unloaded. (took 0ms)
[25-01-22 05:00:52] [INFO] [DEBUG] Starting unload of QueueManager at 1737518452827
[25-01-22 05:00:52] [INFO] [DEBUG] QueueManager has been unloaded. (took 1ms)
[25-01-22 05:00:52] [INFO] [DEBUG] Starting unload of DuelManager at 1737518452828
[25-01-22 05:00:52] [INFO] [DEBUG] DuelManager has been unloaded. (took 0ms)
[25-01-22 05:00:52] [INFO] [DEBUG] Starting unload of InventoryManager at 1737518452828
[25-01-22 05:00:52] [INFO] [DEBUG] InventoryManager has been unloaded. (took 0ms)
[25-01-22 05:00:52] [INFO] [DEBUG] Starting unload of BettingManager at 1737518452828
[25-01-22 05:00:52] [INFO] [DEBUG] BettingManager has been unloaded. (took 0ms)
[25-01-22 05:00:52] [INFO] [DEBUG] Starting unload of SpectateManagerImpl at 1737518452828
[25-01-22 05:00:52] [INFO] [DEBUG] SpectateManagerImpl has been unloaded. (took 0ms)
[25-01-22 05:00:52] [INFO] [DEBUG] Starting unload of PlayerInfoManager at 1737518452828
[25-01-22 05:00:52] [INFO] [DEBUG] PlayerInfoManager has been unloaded. (took 0ms)
[25-01-22 05:00:52] [INFO] [DEBUG] Starting unload of SettingsManager at 1737518452828
[25-01-22 05:00:52] [INFO] [DEBUG] SettingsManager has been unloaded. (took 0ms)
[25-01-22 05:00:52] [INFO] [DEBUG] Starting unload of ArenaManagerImpl at 1737518452828
[25-01-22 05:00:52] [INFO] [DEBUG] ArenaManagerImpl has been unloaded. (took 1ms)
[25-01-22 05:00:52] [INFO] [DEBUG] Starting unload of KitManagerImpl at 1737518452829
[25-01-22 05:00:52] [INFO] [DEBUG] KitManagerImpl has been unloaded. (took 0ms)
[25-01-22 05:00:52] [INFO] [DEBUG] Starting unload of GuiListener at 1737518452829
[25-01-22 05:00:52] [INFO] [DEBUG] GuiListener has been unloaded. (took 0ms)
[25-01-22 05:00:52] [INFO] [DEBUG] Starting unload of UserManagerImpl at 1737518452829
[25-01-22 05:00:52] [INFO] [DEBUG] UserManagerImpl has been unloaded. (took 9ms)
[25-01-22 05:00:52] [INFO] [DEBUG] Starting unload of Lang at 1737518452838
[25-01-22 05:00:52] [INFO] [DEBUG] Lang has been unloaded. (took 0ms)
[25-01-22 05:00:52] [INFO] [DEBUG] Starting unload of Config at 1737518452838
[25-01-22 05:00:52] [INFO] [DEBUG] Config has been unloaded. (took 0ms)
[25-01-22 05:00:52] [INFO] [DEBUG] unload done (took 13ms)
[25-01-22 05:00:52] [INFO] [DEBUG] Log#clearSources done (took 0ms)
[25-01-22 05:00:59] [INFO] [DEBUG] onEnable start -> 1737518459630

[25-01-22 05:00:59] [INFO] [DEBUG] Starting load of Config at 1737518459659
[25-01-22 05:00:59] [INFO] [DEBUG] Config has been loaded. (took 11ms)
[25-01-22 05:00:59] [INFO] [DEBUG] Starting load of Lang at 1737518459670
[25-01-22 05:00:59] [INFO] [DEBUG] Lang has been loaded. (took 16ms)
[25-01-22 05:00:59] [INFO] [DEBUG] Starting load of UserManagerImpl at 1737518459686
[25-01-22 05:00:59] [INFO] [DEBUG] UserManagerImpl has been loaded. (took 0ms)
[25-01-22 05:00:59] [INFO] [DEBUG] Starting load of GuiListener at 1737518459686
[25-01-22 05:00:59] [INFO] [DEBUG] GuiListener has been loaded. (took 0ms)
[25-01-22 05:00:59] [INFO] [DEBUG] Starting load of KitManagerImpl at 1737518459686
[25-01-22 05:00:59] [INFO] KitManagerImpl: Loaded 0 kit(s).
[25-01-22 05:00:59] [INFO] [DEBUG] KitManagerImpl has been loaded. (took 12ms)
[25-01-22 05:00:59] [INFO] [DEBUG] Starting load of ArenaManagerImpl at 1737518459698
[25-01-22 05:00:59] [INFO] ArenaManagerImpl: Loaded 0 arena(s).
[25-01-22 05:00:59] [INFO] [DEBUG] ArenaManagerImpl has been loaded. (took 1ms)
[25-01-22 05:00:59] [INFO] [DEBUG] Starting load of SettingsManager at 1737518459699
[25-01-22 05:00:59] [INFO] [DEBUG] SettingsManager has been loaded. (took 0ms)
[25-01-22 05:00:59] [INFO] [DEBUG] Starting load of PlayerInfoManager at 1737518459699
[25-01-22 05:00:59] [WARNING] PlayerInfoManager: Lobby location was not set, using world's spawn location as default. Use the command /duels setlobby in-game to set the lobby location.
[25-01-22 05:00:59] [INFO] [DEBUG] PlayerInfoManager has been loaded. (took 1ms)
[25-01-22 05:00:59] [INFO] [DEBUG] Starting load of SpectateManagerImpl at 1737518459700
[25-01-22 05:00:59] [INFO] [DEBUG] SpectateManagerImpl has been loaded. (took 0ms)
[25-01-22 05:00:59] [INFO] [DEBUG] Starting load of BettingManager at 1737518459700
[25-01-22 05:00:59] [INFO] BettingManager: Vault was not found! Money betting feature will be automatically disabled.
[25-01-22 05:00:59] [INFO] [DEBUG] BettingManager has been loaded. (took 0ms)
[25-01-22 05:00:59] [INFO] [DEBUG] Starting load of InventoryManager at 1737518459700
[25-01-22 05:00:59] [INFO] [DEBUG] InventoryManager has been loaded. (took 0ms)
[25-01-22 05:00:59] [INFO] [DEBUG] Starting load of DuelManager at 1737518459701
[25-01-22 05:00:59] [INFO] [DEBUG] DuelManager has been loaded. (took 0ms)
[25-01-22 05:00:59] [INFO] [DEBUG] Starting load of QueueManager at 1737518459701
[25-01-22 05:00:59] [INFO] QueueManager: Loaded 0 queue(s).
[25-01-22 05:00:59] [INFO] [DEBUG] QueueManager has been loaded. (took 0ms)
[25-01-22 05:00:59] [INFO] [DEBUG] Starting load of QueueSignManagerImpl at 1737518459701
[25-01-22 05:00:59] [INFO] QueueSignManagerImpl: Loaded 0 queue sign(s).
[25-01-22 05:00:59] [INFO] [DEBUG] QueueSignManagerImpl has been loaded. (took 2ms)
[25-01-22 05:00:59] [INFO] [DEBUG] Starting load of RequestManager at 1737518459703
[25-01-22 05:00:59] [INFO] [DEBUG] RequestManager has been loaded. (took 0ms)
[25-01-22 05:00:59] [INFO] [DEBUG] Starting load of Teleport at 1737518459703
[25-01-22 05:00:59] [INFO] [DEBUG] Teleport has been loaded. (took 1ms)
[25-01-22 05:00:59] [INFO] [DEBUG] Starting load of ExtensionManager at 1737518459704
[25-01-22 05:00:59] [INFO] [DEBUG] ExtensionManager has been loaded. (took 0ms)
[25-01-22 05:00:59] [INFO] No updates were available. You are on the latest version!
[25-01-22 05:34:53] [INFO] [DEBUG] onDisable start -> 1737520493992

[25-01-22 05:34:53] [INFO] [DEBUG] Starting unload of ExtensionManager at 1737520493994
[25-01-22 05:34:53] [INFO] [DEBUG] ExtensionManager has been unloaded. (took 0ms)
[25-01-22 05:34:53] [INFO] [DEBUG] Starting unload of Teleport at 1737520493994
[25-01-22 05:34:53] [INFO] [DEBUG] Teleport has been unloaded. (took 0ms)
[25-01-22 05:34:53] [INFO] [DEBUG] Starting unload of RequestManager at 1737520493994
[25-01-22 05:34:53] [INFO] [DEBUG] RequestManager has been unloaded. (took 0ms)
[25-01-22 05:34:53] [INFO] [DEBUG] Starting unload of QueueSignManagerImpl at 1737520493994
[25-01-22 05:34:53] [INFO] [DEBUG] QueueSignManagerImpl has been unloaded. (took 1ms)
[25-01-22 05:34:53] [INFO] [DEBUG] Starting unload of QueueManager at 1737520493995
[25-01-22 05:34:53] [INFO] [DEBUG] QueueManager has been unloaded. (took 0ms)
[25-01-22 05:34:53] [INFO] [DEBUG] Starting unload of DuelManager at 1737520493995
[25-01-22 05:34:53] [INFO] [DEBUG] DuelManager has been unloaded. (took 0ms)
[25-01-22 05:34:53] [INFO] [DEBUG] Starting unload of InventoryManager at 1737520493995
[25-01-22 05:34:53] [INFO] [DEBUG] InventoryManager has been unloaded. (took 0ms)
[25-01-22 05:34:53] [INFO] [DEBUG] Starting unload of BettingManager at 1737520493995
[25-01-22 05:34:53] [INFO] [DEBUG] BettingManager has been unloaded. (took 0ms)
[25-01-22 05:34:53] [INFO] [DEBUG] Starting unload of SpectateManagerImpl at 1737520493995
[25-01-22 05:34:53] [INFO] [DEBUG] SpectateManagerImpl has been unloaded. (took 0ms)
[25-01-22 05:34:53] [INFO] [DEBUG] Starting unload of PlayerInfoManager at 1737520493995
[25-01-22 05:34:53] [INFO] [DEBUG] PlayerInfoManager has been unloaded. (took 1ms)
[25-01-22 05:34:53] [INFO] [DEBUG] Starting unload of SettingsManager at 1737520493996
[25-01-22 05:34:53] [INFO] [DEBUG] SettingsManager has been unloaded. (took 0ms)
[25-01-22 05:34:53] [INFO] [DEBUG] Starting unload of ArenaManagerImpl at 1737520493996
[25-01-22 05:34:53] [INFO] [DEBUG] ArenaManagerImpl has been unloaded. (took 0ms)
[25-01-22 05:34:53] [INFO] [DEBUG] Starting unload of KitManagerImpl at 1737520493996
[25-01-22 05:34:53] [INFO] [DEBUG] KitManagerImpl has been unloaded. (took 0ms)
[25-01-22 05:34:53] [INFO] [DEBUG] Starting unload of GuiListener at 1737520493996
[25-01-22 05:34:53] [INFO] [DEBUG] GuiListener has been unloaded. (took 1ms)
[25-01-22 05:34:53] [INFO] [DEBUG] Starting unload of UserManagerImpl at 1737520493997
[25-01-22 05:34:54] [INFO] [DEBUG] UserManagerImpl has been unloaded. (took 4ms)
[25-01-22 05:34:54] [INFO] [DEBUG] Starting unload of Lang at 1737520494001
[25-01-22 05:34:54] [INFO] [DEBUG] Lang has been unloaded. (took 0ms)
[25-01-22 05:34:54] [INFO] [DEBUG] Starting unload of Config at 1737520494001
[25-01-22 05:34:54] [INFO] [DEBUG] Config has been unloaded. (took 0ms)
[25-01-22 05:34:54] [INFO] [DEBUG] unload done (took 9ms)
[25-01-22 05:34:54] [INFO] [DEBUG] Log#clearSources done (took 0ms)
[25-01-22 05:35:04] [INFO] [DEBUG] onEnable start -> 1737520504174

[25-01-22 05:35:04] [INFO] [DEBUG] Starting load of Config at 1737520504210
[25-01-22 05:35:04] [INFO] [DEBUG] Config has been loaded. (took 18ms)
[25-01-22 05:35:04] [INFO] [DEBUG] Starting load of Lang at 1737520504228
[25-01-22 05:35:04] [INFO] [DEBUG] Lang has been loaded. (took 24ms)
[25-01-22 05:35:04] [INFO] [DEBUG] Starting load of UserManagerImpl at 1737520504252
[25-01-22 05:35:04] [INFO] [DEBUG] UserManagerImpl has been loaded. (took 1ms)
[25-01-22 05:35:04] [INFO] [DEBUG] Starting load of GuiListener at 1737520504253
[25-01-22 05:35:04] [INFO] [DEBUG] GuiListener has been loaded. (took 0ms)
[25-01-22 05:35:04] [INFO] [DEBUG] Starting load of KitManagerImpl at 1737520504253
[25-01-22 05:35:04] [INFO] KitManagerImpl: Loaded 1 kit(s).
[25-01-22 05:35:04] [INFO] [DEBUG] KitManagerImpl has been loaded. (took 109ms)
[25-01-22 05:35:04] [INFO] [DEBUG] Starting load of ArenaManagerImpl at 1737520504362
[25-01-22 05:35:04] [INFO] ArenaManagerImpl: Loaded 1 arena(s).
[25-01-22 05:35:04] [INFO] [DEBUG] ArenaManagerImpl has been loaded. (took 16ms)
[25-01-22 05:35:04] [INFO] [DEBUG] Starting load of SettingsManager at 1737520504378
[25-01-22 05:35:04] [INFO] [DEBUG] SettingsManager has been loaded. (took 0ms)
[25-01-22 05:35:04] [INFO] [DEBUG] Starting load of PlayerInfoManager at 1737520504378
[25-01-22 05:35:04] [INFO] [DEBUG] PlayerInfoManager has been loaded. (took 1ms)
[25-01-22 05:35:04] [INFO] [DEBUG] Starting load of SpectateManagerImpl at 1737520504379
[25-01-22 05:35:04] [INFO] [DEBUG] SpectateManagerImpl has been loaded. (took 0ms)
[25-01-22 05:35:04] [INFO] [DEBUG] Starting load of BettingManager at 1737520504379
[25-01-22 05:35:04] [INFO] BettingManager: Vault was not found! Money betting feature will be automatically disabled.
[25-01-22 05:35:04] [INFO] [DEBUG] BettingManager has been loaded. (took 0ms)
[25-01-22 05:35:04] [INFO] [DEBUG] Starting load of InventoryManager at 1737520504379
[25-01-22 05:35:04] [INFO] [DEBUG] InventoryManager has been loaded. (took 0ms)
[25-01-22 05:35:04] [INFO] [DEBUG] Starting load of DuelManager at 1737520504379
[25-01-22 05:35:04] [INFO] [DEBUG] DuelManager has been loaded. (took 0ms)
[25-01-22 05:35:04] [INFO] [DEBUG] Starting load of QueueManager at 1737520504380
[25-01-22 05:35:04] [INFO] QueueManager: Loaded 1 queue(s).
[25-01-22 05:35:04] [INFO] [DEBUG] QueueManager has been loaded. (took 2ms)
[25-01-22 05:35:04] [INFO] [DEBUG] Starting load of QueueSignManagerImpl at 1737520504382
[25-01-22 05:35:04] [INFO] QueueSignManagerImpl: Loaded 1 queue sign(s).
[25-01-22 05:35:04] [INFO] [DEBUG] QueueSignManagerImpl has been loaded. (took 21ms)
[25-01-22 05:35:04] [INFO] [DEBUG] Starting load of RequestManager at 1737520504403
[25-01-22 05:35:04] [INFO] [DEBUG] RequestManager has been loaded. (took 0ms)
[25-01-22 05:35:04] [INFO] [DEBUG] Starting load of Teleport at 1737520504403
[25-01-22 05:35:04] [INFO] [DEBUG] Teleport has been loaded. (took 1ms)
[25-01-22 05:35:04] [INFO] [DEBUG] Starting load of ExtensionManager at 1737520504404
[25-01-22 05:35:04] [INFO] [DEBUG] ExtensionManager has been loaded. (took 0ms)
[25-01-22 05:35:04] [INFO] No updates were available. You are on the latest version!
[25-01-22 05:38:33] [INFO] [DEBUG] onDisable start -> 1737520713792

[25-01-22 05:38:33] [INFO] [DEBUG] Starting unload of ExtensionManager at 1737520713793
[25-01-22 05:38:33] [INFO] [DEBUG] ExtensionManager has been unloaded. (took 0ms)
[25-01-22 05:38:33] [INFO] [DEBUG] Starting unload of Teleport at 1737520713793
[25-01-22 05:38:33] [INFO] [DEBUG] Teleport has been unloaded. (took 0ms)
[25-01-22 05:38:33] [INFO] [DEBUG] Starting unload of RequestManager at 1737520713793
[25-01-22 05:38:33] [INFO] [DEBUG] RequestManager has been unloaded. (took 1ms)
[25-01-22 05:38:33] [INFO] [DEBUG] Starting unload of QueueSignManagerImpl at 1737520713794
[25-01-22 05:38:33] [INFO] [DEBUG] QueueSignManagerImpl has been unloaded. (took 0ms)
[25-01-22 05:38:33] [INFO] [DEBUG] Starting unload of QueueManager at 1737520713794
[25-01-22 05:38:33] [INFO] [DEBUG] QueueManager has been unloaded. (took 0ms)
[25-01-22 05:38:33] [INFO] [DEBUG] Starting unload of DuelManager at 1737520713794
[25-01-22 05:38:33] [INFO] [DEBUG] DuelManager has been unloaded. (took 0ms)
[25-01-22 05:38:33] [INFO] [DEBUG] Starting unload of InventoryManager at 1737520713794
[25-01-22 05:38:33] [INFO] [DEBUG] InventoryManager has been unloaded. (took 0ms)
[25-01-22 05:38:33] [INFO] [DEBUG] Starting unload of BettingManager at 1737520713794
[25-01-22 05:38:33] [INFO] [DEBUG] BettingManager has been unloaded. (took 0ms)
[25-01-22 05:38:33] [INFO] [DEBUG] Starting unload of SpectateManagerImpl at 1737520713794
[25-01-22 05:38:33] [INFO] [DEBUG] SpectateManagerImpl has been unloaded. (took 1ms)
[25-01-22 05:38:33] [INFO] [DEBUG] Starting unload of PlayerInfoManager at 1737520713795
[25-01-22 05:38:33] [INFO] [DEBUG] PlayerInfoManager has been unloaded. (took 0ms)
[25-01-22 05:38:33] [INFO] [DEBUG] Starting unload of SettingsManager at 1737520713795
[25-01-22 05:38:33] [INFO] [DEBUG] SettingsManager has been unloaded. (took 0ms)
[25-01-22 05:38:33] [INFO] [DEBUG] Starting unload of ArenaManagerImpl at 1737520713795
[25-01-22 05:38:33] [INFO] [DEBUG] ArenaManagerImpl has been unloaded. (took 0ms)
[25-01-22 05:38:33] [INFO] [DEBUG] Starting unload of KitManagerImpl at 1737520713795
[25-01-22 05:38:33] [INFO] [DEBUG] KitManagerImpl has been unloaded. (took 0ms)
[25-01-22 05:38:33] [INFO] [DEBUG] Starting unload of GuiListener at 1737520713795
[25-01-22 05:38:33] [INFO] [DEBUG] GuiListener has been unloaded. (took 0ms)
[25-01-22 05:38:33] [INFO] [DEBUG] Starting unload of UserManagerImpl at 1737520713796
[25-01-22 05:38:33] [INFO] [DEBUG] UserManagerImpl has been unloaded. (took 12ms)
[25-01-22 05:38:33] [INFO] [DEBUG] Starting unload of Lang at 1737520713808
[25-01-22 05:38:33] [INFO] [DEBUG] Lang has been unloaded. (took 0ms)
[25-01-22 05:38:33] [INFO] [DEBUG] Starting unload of Config at 1737520713808
[25-01-22 05:38:33] [INFO] [DEBUG] Config has been unloaded. (took 0ms)
[25-01-22 05:38:33] [INFO] [DEBUG] unload done (took 16ms)
[25-01-22 05:38:33] [INFO] [DEBUG] Log#clearSources done (took 0ms)
[25-01-22 05:38:40] [INFO] [DEBUG] onEnable start -> 1737520720860

[25-01-22 05:38:40] [INFO] [DEBUG] Starting load of Config at 1737520720896
[25-01-22 05:38:40] [INFO] [DEBUG] Config has been loaded. (took 11ms)
[25-01-22 05:38:40] [INFO] [DEBUG] Starting load of Lang at 1737520720907
[25-01-22 05:38:40] [INFO] [DEBUG] Lang has been loaded. (took 15ms)
[25-01-22 05:38:40] [INFO] [DEBUG] Starting load of UserManagerImpl at 1737520720922
[25-01-22 05:38:40] [INFO] [DEBUG] UserManagerImpl has been loaded. (took 1ms)
[25-01-22 05:38:40] [INFO] [DEBUG] Starting load of GuiListener at 1737520720923
[25-01-22 05:38:40] [INFO] [DEBUG] GuiListener has been loaded. (took 0ms)
[25-01-22 05:38:40] [INFO] [DEBUG] Starting load of KitManagerImpl at 1737520720923
[25-01-22 05:38:40] [INFO] KitManagerImpl: Loaded 1 kit(s).
[25-01-22 05:38:41] [INFO] [DEBUG] KitManagerImpl has been loaded. (took 80ms)
[25-01-22 05:38:41] [INFO] [DEBUG] Starting load of ArenaManagerImpl at 1737520721003
[25-01-22 05:38:41] [INFO] ArenaManagerImpl: Loaded 1 arena(s).
[25-01-22 05:38:41] [INFO] [DEBUG] ArenaManagerImpl has been loaded. (took 8ms)
[25-01-22 05:38:41] [INFO] [DEBUG] Starting load of SettingsManager at 1737520721011
[25-01-22 05:38:41] [INFO] [DEBUG] SettingsManager has been loaded. (took 0ms)
[25-01-22 05:38:41] [INFO] [DEBUG] Starting load of PlayerInfoManager at 1737520721011
[25-01-22 05:38:41] [INFO] [DEBUG] PlayerInfoManager has been loaded. (took 1ms)
[25-01-22 05:38:41] [INFO] [DEBUG] Starting load of SpectateManagerImpl at 1737520721012
[25-01-22 05:38:41] [INFO] [DEBUG] SpectateManagerImpl has been loaded. (took 0ms)
[25-01-22 05:38:41] [INFO] [DEBUG] Starting load of BettingManager at 1737520721012
[25-01-22 05:38:41] [INFO] BettingManager: Vault was not found! Money betting feature will be automatically disabled.
[25-01-22 05:38:41] [INFO] [DEBUG] BettingManager has been loaded. (took 0ms)
[25-01-22 05:38:41] [INFO] [DEBUG] Starting load of InventoryManager at 1737520721012
[25-01-22 05:38:41] [INFO] [DEBUG] InventoryManager has been loaded. (took 0ms)
[25-01-22 05:38:41] [INFO] [DEBUG] Starting load of DuelManager at 1737520721012
[25-01-22 05:38:41] [INFO] [DEBUG] DuelManager has been loaded. (took 0ms)
[25-01-22 05:38:41] [INFO] [DEBUG] Starting load of QueueManager at 1737520721012
[25-01-22 05:38:41] [INFO] QueueManager: Loaded 1 queue(s).
[25-01-22 05:38:41] [INFO] [DEBUG] QueueManager has been loaded. (took 2ms)
[25-01-22 05:38:41] [INFO] [DEBUG] Starting load of QueueSignManagerImpl at 1737520721014
[25-01-22 05:38:41] [INFO] QueueSignManagerImpl: Loaded 1 queue sign(s).
[25-01-22 05:38:41] [INFO] [DEBUG] QueueSignManagerImpl has been loaded. (took 12ms)
[25-01-22 05:38:41] [INFO] [DEBUG] Starting load of RequestManager at 1737520721026
[25-01-22 05:38:41] [INFO] [DEBUG] RequestManager has been loaded. (took 0ms)
[25-01-22 05:38:41] [INFO] [DEBUG] Starting load of Teleport at 1737520721026
[25-01-22 05:38:41] [INFO] [DEBUG] Teleport has been loaded. (took 0ms)
[25-01-22 05:38:41] [INFO] [DEBUG] Starting load of ExtensionManager at 1737520721026
[25-01-22 05:38:41] [INFO] [DEBUG] ExtensionManager has been loaded. (took 0ms)
[25-01-22 05:38:41] [INFO] No updates were available. You are on the latest version!
[25-01-22 05:42:54] [INFO] [DEBUG] onDisable start -> 1737520974229

[25-01-22 05:42:54] [INFO] [DEBUG] Starting unload of ExtensionManager at 1737520974230
[25-01-22 05:42:54] [INFO] [DEBUG] ExtensionManager has been unloaded. (took 0ms)
[25-01-22 05:42:54] [INFO] [DEBUG] Starting unload of Teleport at 1737520974230
[25-01-22 05:42:54] [INFO] [DEBUG] Teleport has been unloaded. (took 0ms)
[25-01-22 05:42:54] [INFO] [DEBUG] Starting unload of RequestManager at 1737520974230
[25-01-22 05:42:54] [INFO] [DEBUG] RequestManager has been unloaded. (took 0ms)
[25-01-22 05:42:54] [INFO] [DEBUG] Starting unload of QueueSignManagerImpl at 1737520974230
[25-01-22 05:42:54] [INFO] [DEBUG] QueueSignManagerImpl has been unloaded. (took 0ms)
[25-01-22 05:42:54] [INFO] [DEBUG] Starting unload of QueueManager at 1737520974230
[25-01-22 05:42:54] [INFO] [DEBUG] QueueManager has been unloaded. (took 1ms)
[25-01-22 05:42:54] [INFO] [DEBUG] Starting unload of DuelManager at 1737520974231
[25-01-22 05:42:54] [INFO] [DEBUG] DuelManager has been unloaded. (took 0ms)
[25-01-22 05:42:54] [INFO] [DEBUG] Starting unload of InventoryManager at 1737520974231
[25-01-22 05:42:54] [INFO] [DEBUG] InventoryManager has been unloaded. (took 0ms)
[25-01-22 05:42:54] [INFO] [DEBUG] Starting unload of BettingManager at 1737520974231
[25-01-22 05:42:54] [INFO] [DEBUG] BettingManager has been unloaded. (took 0ms)
[25-01-22 05:42:54] [INFO] [DEBUG] Starting unload of SpectateManagerImpl at 1737520974231
[25-01-22 05:42:54] [INFO] [DEBUG] SpectateManagerImpl has been unloaded. (took 0ms)
[25-01-22 05:42:54] [INFO] [DEBUG] Starting unload of PlayerInfoManager at 1737520974231
[25-01-22 05:42:54] [INFO] [DEBUG] PlayerInfoManager has been unloaded. (took 3ms)
[25-01-22 05:42:54] [INFO] [DEBUG] Starting unload of SettingsManager at 1737520974234
[25-01-22 05:42:54] [INFO] [DEBUG] SettingsManager has been unloaded. (took 0ms)
[25-01-22 05:42:54] [INFO] [DEBUG] Starting unload of ArenaManagerImpl at 1737520974234
[25-01-22 05:42:54] [INFO] [DEBUG] ArenaManagerImpl has been unloaded. (took 0ms)
[25-01-22 05:42:54] [INFO] [DEBUG] Starting unload of KitManagerImpl at 1737520974235
[25-01-22 05:42:54] [INFO] [DEBUG] KitManagerImpl has been unloaded. (took 0ms)
[25-01-22 05:42:54] [INFO] [DEBUG] Starting unload of GuiListener at 1737520974235
[25-01-22 05:42:54] [INFO] [DEBUG] GuiListener has been unloaded. (took 0ms)
[25-01-22 05:42:54] [INFO] [DEBUG] Starting unload of UserManagerImpl at 1737520974235
[25-01-22 05:42:54] [INFO] [DEBUG] UserManagerImpl has been unloaded. (took 16ms)
[25-01-22 05:42:54] [INFO] [DEBUG] Starting unload of Lang at 1737520974251
[25-01-22 05:42:54] [INFO] [DEBUG] Lang has been unloaded. (took 0ms)
[25-01-22 05:42:54] [INFO] [DEBUG] Starting unload of Config at 1737520974251
[25-01-22 05:42:54] [INFO] [DEBUG] Config has been unloaded. (took 0ms)
[25-01-22 05:42:54] [INFO] [DEBUG] unload done (took 22ms)
[25-01-22 05:42:54] [INFO] [DEBUG] Log#clearSources done (took 0ms)
[25-01-22 05:47:05] [INFO] [DEBUG] onEnable start -> 1737521225767

[25-01-22 05:47:05] [INFO] [DEBUG] Starting load of Config at 1737521225809
[25-01-22 05:47:05] [INFO] [DEBUG] Config has been loaded. (took 11ms)
[25-01-22 05:47:05] [INFO] [DEBUG] Starting load of Lang at 1737521225821
[25-01-22 05:47:05] [INFO] [DEBUG] Lang has been loaded. (took 15ms)
[25-01-22 05:47:05] [INFO] [DEBUG] Starting load of UserManagerImpl at 1737521225836
[25-01-22 05:47:05] [INFO] [DEBUG] UserManagerImpl has been loaded. (took 0ms)
[25-01-22 05:47:05] [INFO] [DEBUG] Starting load of GuiListener at 1737521225836
[25-01-22 05:47:05] [INFO] [DEBUG] GuiListener has been loaded. (took 0ms)
[25-01-22 05:47:05] [INFO] [DEBUG] Starting load of KitManagerImpl at 1737521225836
[25-01-22 05:47:05] [INFO] KitManagerImpl: Loaded 1 kit(s).
[25-01-22 05:47:05] [INFO] [DEBUG] KitManagerImpl has been loaded. (took 77ms)
[25-01-22 05:47:05] [INFO] [DEBUG] Starting load of ArenaManagerImpl at 1737521225913
[25-01-22 05:47:05] [INFO] ArenaManagerImpl: Loaded 1 arena(s).
[25-01-22 05:47:05] [INFO] [DEBUG] ArenaManagerImpl has been loaded. (took 7ms)
[25-01-22 05:47:05] [INFO] [DEBUG] Starting load of SettingsManager at 1737521225920
[25-01-22 05:47:05] [INFO] [DEBUG] SettingsManager has been loaded. (took 0ms)
[25-01-22 05:47:05] [INFO] [DEBUG] Starting load of PlayerInfoManager at 1737521225920
[25-01-22 05:47:05] [INFO] [DEBUG] PlayerInfoManager has been loaded. (took 1ms)
[25-01-22 05:47:05] [INFO] [DEBUG] Starting load of SpectateManagerImpl at 1737521225921
[25-01-22 05:47:05] [INFO] [DEBUG] SpectateManagerImpl has been loaded. (took 0ms)
[25-01-22 05:47:05] [INFO] [DEBUG] Starting load of BettingManager at 1737521225921
[25-01-22 05:47:05] [INFO] BettingManager: Vault was not found! Money betting feature will be automatically disabled.
[25-01-22 05:47:05] [INFO] [DEBUG] BettingManager has been loaded. (took 0ms)
[25-01-22 05:47:05] [INFO] [DEBUG] Starting load of InventoryManager at 1737521225921
[25-01-22 05:47:05] [INFO] [DEBUG] InventoryManager has been loaded. (took 0ms)
[25-01-22 05:47:05] [INFO] [DEBUG] Starting load of DuelManager at 1737521225921
[25-01-22 05:47:05] [INFO] [DEBUG] DuelManager has been loaded. (took 0ms)
[25-01-22 05:47:05] [INFO] [DEBUG] Starting load of QueueManager at 1737521225921
[25-01-22 05:47:05] [INFO] QueueManager: Loaded 1 queue(s).
[25-01-22 05:47:05] [INFO] [DEBUG] QueueManager has been loaded. (took 2ms)
[25-01-22 05:47:05] [INFO] [DEBUG] Starting load of QueueSignManagerImpl at 1737521225923
[25-01-22 05:47:05] [INFO] QueueSignManagerImpl: Loaded 1 queue sign(s).
[25-01-22 05:47:05] [INFO] [DEBUG] QueueSignManagerImpl has been loaded. (took 10ms)
[25-01-22 05:47:05] [INFO] [DEBUG] Starting load of RequestManager at 1737521225933
[25-01-22 05:47:05] [INFO] [DEBUG] RequestManager has been loaded. (took 0ms)
[25-01-22 05:47:05] [INFO] [DEBUG] Starting load of Teleport at 1737521225933
[25-01-22 05:47:05] [INFO] [DEBUG] Teleport has been loaded. (took 0ms)
[25-01-22 05:47:05] [INFO] [DEBUG] Starting load of ExtensionManager at 1737521225934
[25-01-22 05:47:05] [INFO] [DEBUG] ExtensionManager has been loaded. (took 0ms)
[25-01-22 05:47:06] [INFO] No updates were available. You are on the latest version!
[25-01-22 05:47:09] [INFO] [DEBUG] onDisable start -> 1737521229709

[25-01-22 05:47:09] [INFO] [DEBUG] Starting unload of ExtensionManager at 1737521229710
[25-01-22 05:47:09] [INFO] [DEBUG] ExtensionManager has been unloaded. (took 1ms)
[25-01-22 05:47:09] [INFO] [DEBUG] Starting unload of Teleport at 1737521229711
[25-01-22 05:47:09] [INFO] [DEBUG] Teleport has been unloaded. (took 0ms)
[25-01-22 05:47:09] [INFO] [DEBUG] Starting unload of RequestManager at 1737521229711
[25-01-22 05:47:09] [INFO] [DEBUG] RequestManager has been unloaded. (took 0ms)
[25-01-22 05:47:09] [INFO] [DEBUG] Starting unload of QueueSignManagerImpl at 1737521229711
[25-01-22 05:47:09] [INFO] [DEBUG] QueueSignManagerImpl has been unloaded. (took 0ms)
[25-01-22 05:47:09] [INFO] [DEBUG] Starting unload of QueueManager at 1737521229711
[25-01-22 05:47:09] [INFO] [DEBUG] QueueManager has been unloaded. (took 1ms)
[25-01-22 05:47:09] [INFO] [DEBUG] Starting unload of DuelManager at 1737521229712
[25-01-22 05:47:09] [INFO] [DEBUG] DuelManager has been unloaded. (took 0ms)
[25-01-22 05:47:09] [INFO] [DEBUG] Starting unload of InventoryManager at 1737521229712
[25-01-22 05:47:09] [INFO] [DEBUG] InventoryManager has been unloaded. (took 0ms)
[25-01-22 05:47:09] [INFO] [DEBUG] Starting unload of BettingManager at 1737521229712
[25-01-22 05:47:09] [INFO] [DEBUG] BettingManager has been unloaded. (took 0ms)
[25-01-22 05:47:09] [INFO] [DEBUG] Starting unload of SpectateManagerImpl at 1737521229712
[25-01-22 05:47:09] [INFO] [DEBUG] SpectateManagerImpl has been unloaded. (took 0ms)
[25-01-22 05:47:09] [INFO] [DEBUG] Starting unload of PlayerInfoManager at 1737521229712
[25-01-22 05:47:09] [INFO] [DEBUG] PlayerInfoManager has been unloaded. (took 0ms)
[25-01-22 05:47:09] [INFO] [DEBUG] Starting unload of SettingsManager at 1737521229712
[25-01-22 05:47:09] [INFO] [DEBUG] SettingsManager has been unloaded. (took 0ms)
[25-01-22 05:47:09] [INFO] [DEBUG] Starting unload of ArenaManagerImpl at 1737521229712
[25-01-22 05:47:09] [INFO] [DEBUG] ArenaManagerImpl has been unloaded. (took 0ms)
[25-01-22 05:47:09] [INFO] [DEBUG] Starting unload of KitManagerImpl at 1737521229712
[25-01-22 05:47:09] [INFO] [DEBUG] KitManagerImpl has been unloaded. (took 0ms)
[25-01-22 05:47:09] [INFO] [DEBUG] Starting unload of GuiListener at 1737521229712
[25-01-22 05:47:09] [INFO] [DEBUG] GuiListener has been unloaded. (took 1ms)
[25-01-22 05:47:09] [INFO] [DEBUG] Starting unload of UserManagerImpl at 1737521229713
[25-01-22 05:47:09] [INFO] [DEBUG] UserManagerImpl has been unloaded. (took 0ms)
[25-01-22 05:47:09] [INFO] [DEBUG] Starting unload of Lang at 1737521229713
[25-01-22 05:47:09] [INFO] [DEBUG] Lang has been unloaded. (took 0ms)
[25-01-22 05:47:09] [INFO] [DEBUG] Starting unload of Config at 1737521229713
[25-01-22 05:47:09] [INFO] [DEBUG] Config has been unloaded. (took 0ms)
[25-01-22 05:47:09] [INFO] [DEBUG] unload done (took 4ms)
[25-01-22 05:47:09] [INFO] [DEBUG] Log#clearSources done (took 0ms)
[25-01-22 05:53:47] [INFO] [DEBUG] onEnable start -> 1737521627544

[25-01-22 05:53:47] [INFO] [DEBUG] Starting load of Config at 1737521627575
[25-01-22 05:53:47] [INFO] [DEBUG] Config has been loaded. (took 12ms)
[25-01-22 05:53:47] [INFO] [DEBUG] Starting load of Lang at 1737521627587
[25-01-22 05:53:47] [INFO] [DEBUG] Lang has been loaded. (took 16ms)
[25-01-22 05:53:47] [INFO] [DEBUG] Starting load of UserManagerImpl at 1737521627604
[25-01-22 05:53:47] [INFO] [DEBUG] UserManagerImpl has been loaded. (took 1ms)
[25-01-22 05:53:47] [INFO] [DEBUG] Starting load of GuiListener at 1737521627605
[25-01-22 05:53:47] [INFO] [DEBUG] GuiListener has been loaded. (took 0ms)
[25-01-22 05:53:47] [INFO] [DEBUG] Starting load of KitManagerImpl at 1737521627605
[25-01-22 05:53:47] [INFO] KitManagerImpl: Loaded 1 kit(s).
[25-01-22 05:53:47] [INFO] [DEBUG] KitManagerImpl has been loaded. (took 82ms)
[25-01-22 05:53:47] [INFO] [DEBUG] Starting load of ArenaManagerImpl at 1737521627688
[25-01-22 05:53:47] [INFO] ArenaManagerImpl: Loaded 1 arena(s).
[25-01-22 05:53:47] [INFO] [DEBUG] ArenaManagerImpl has been loaded. (took 8ms)
[25-01-22 05:53:47] [INFO] [DEBUG] Starting load of SettingsManager at 1737521627696
[25-01-22 05:53:47] [INFO] [DEBUG] SettingsManager has been loaded. (took 0ms)
[25-01-22 05:53:47] [INFO] [DEBUG] Starting load of PlayerInfoManager at 1737521627696
[25-01-22 05:53:47] [INFO] [DEBUG] PlayerInfoManager has been loaded. (took 0ms)
[25-01-22 05:53:47] [INFO] [DEBUG] Starting load of SpectateManagerImpl at 1737521627696
[25-01-22 05:53:47] [INFO] [DEBUG] SpectateManagerImpl has been loaded. (took 0ms)
[25-01-22 05:53:47] [INFO] [DEBUG] Starting load of BettingManager at 1737521627696
[25-01-22 05:53:47] [INFO] BettingManager: Vault was not found! Money betting feature will be automatically disabled.
[25-01-22 05:53:47] [INFO] [DEBUG] BettingManager has been loaded. (took 1ms)
[25-01-22 05:53:47] [INFO] [DEBUG] Starting load of InventoryManager at 1737521627697
[25-01-22 05:53:47] [INFO] [DEBUG] InventoryManager has been loaded. (took 0ms)
[25-01-22 05:53:47] [INFO] [DEBUG] Starting load of DuelManager at 1737521627697
[25-01-22 05:53:47] [INFO] [DEBUG] DuelManager has been loaded. (took 0ms)
[25-01-22 05:53:47] [INFO] [DEBUG] Starting load of QueueManager at 1737521627697
[25-01-22 05:53:47] [INFO] QueueManager: Loaded 1 queue(s).
[25-01-22 05:53:47] [INFO] [DEBUG] QueueManager has been loaded. (took 2ms)
[25-01-22 05:53:47] [INFO] [DEBUG] Starting load of QueueSignManagerImpl at 1737521627699
[25-01-22 05:53:47] [INFO] QueueSignManagerImpl: Loaded 1 queue sign(s).
[25-01-22 05:53:47] [INFO] [DEBUG] QueueSignManagerImpl has been loaded. (took 11ms)
[25-01-22 05:53:47] [INFO] [DEBUG] Starting load of RequestManager at 1737521627710
[25-01-22 05:53:47] [INFO] [DEBUG] RequestManager has been loaded. (took 0ms)
[25-01-22 05:53:47] [INFO] [DEBUG] Starting load of Teleport at 1737521627710
[25-01-22 05:53:47] [INFO] [DEBUG] Teleport has been loaded. (took 0ms)
[25-01-22 05:53:47] [INFO] [DEBUG] Starting load of ExtensionManager at 1737521627710
[25-01-22 05:53:47] [INFO] [DEBUG] ExtensionManager has been loaded. (took 0ms)
[25-01-22 05:53:48] [INFO] No updates were available. You are on the latest version!
[25-01-22 05:54:13] [INFO] [DEBUG] onDisable start -> 1737521653180

[25-01-22 05:54:13] [INFO] [DEBUG] Starting unload of ExtensionManager at 1737521653181
[25-01-22 05:54:13] [INFO] [DEBUG] ExtensionManager has been unloaded. (took 0ms)
[25-01-22 05:54:13] [INFO] [DEBUG] Starting unload of Teleport at 1737521653181
[25-01-22 05:54:13] [INFO] [DEBUG] Teleport has been unloaded. (took 0ms)
[25-01-22 05:54:13] [INFO] [DEBUG] Starting unload of RequestManager at 1737521653181
[25-01-22 05:54:13] [INFO] [DEBUG] RequestManager has been unloaded. (took 0ms)
[25-01-22 05:54:13] [INFO] [DEBUG] Starting unload of QueueSignManagerImpl at 1737521653181
[25-01-22 05:54:13] [INFO] [DEBUG] QueueSignManagerImpl has been unloaded. (took 0ms)
[25-01-22 05:54:13] [INFO] [DEBUG] Starting unload of QueueManager at 1737521653181
[25-01-22 05:54:13] [INFO] [DEBUG] QueueManager has been unloaded. (took 1ms)
[25-01-22 05:54:13] [INFO] [DEBUG] Starting unload of DuelManager at 1737521653182
[25-01-22 05:54:13] [INFO] [DEBUG] DuelManager has been unloaded. (took 0ms)
[25-01-22 05:54:13] [INFO] [DEBUG] Starting unload of InventoryManager at 1737521653182
[25-01-22 05:54:13] [INFO] [DEBUG] InventoryManager has been unloaded. (took 0ms)
[25-01-22 05:54:13] [INFO] [DEBUG] Starting unload of BettingManager at 1737521653182
[25-01-22 05:54:13] [INFO] [DEBUG] BettingManager has been unloaded. (took 0ms)
[25-01-22 05:54:13] [INFO] [DEBUG] Starting unload of SpectateManagerImpl at 1737521653182
[25-01-22 05:54:13] [INFO] [DEBUG] SpectateManagerImpl has been unloaded. (took 0ms)
[25-01-22 05:54:13] [INFO] [DEBUG] Starting unload of PlayerInfoManager at 1737521653182
[25-01-22 05:54:13] [INFO] [DEBUG] PlayerInfoManager has been unloaded. (took 0ms)
[25-01-22 05:54:13] [INFO] [DEBUG] Starting unload of SettingsManager at 1737521653182
[25-01-22 05:54:13] [INFO] [DEBUG] SettingsManager has been unloaded. (took 0ms)
[25-01-22 05:54:13] [INFO] [DEBUG] Starting unload of ArenaManagerImpl at 1737521653182
[25-01-22 05:54:13] [INFO] [DEBUG] ArenaManagerImpl has been unloaded. (took 0ms)
[25-01-22 05:54:13] [INFO] [DEBUG] Starting unload of KitManagerImpl at 1737521653182
[25-01-22 05:54:13] [INFO] [DEBUG] KitManagerImpl has been unloaded. (took 0ms)
[25-01-22 05:54:13] [INFO] [DEBUG] Starting unload of GuiListener at 1737521653182
[25-01-22 05:54:13] [INFO] [DEBUG] GuiListener has been unloaded. (took 0ms)
[25-01-22 05:54:13] [INFO] [DEBUG] Starting unload of UserManagerImpl at 1737521653182
[25-01-22 05:54:13] [INFO] [DEBUG] UserManagerImpl has been unloaded. (took 0ms)
[25-01-22 05:54:13] [INFO] [DEBUG] Starting unload of Lang at 1737521653182
[25-01-22 05:54:13] [INFO] [DEBUG] Lang has been unloaded. (took 0ms)
[25-01-22 05:54:13] [INFO] [DEBUG] Starting unload of Config at 1737521653182
[25-01-22 05:54:13] [INFO] [DEBUG] Config has been unloaded. (took 0ms)
[25-01-22 05:54:13] [INFO] [DEBUG] unload done (took 3ms)
[25-01-22 05:54:13] [INFO] [DEBUG] Log#clearSources done (took 0ms)
[25-01-22 05:54:49] [INFO] [DEBUG] onEnable start -> 1737521689577

[25-01-22 05:54:49] [INFO] [DEBUG] Starting load of Config at 1737521689603
[25-01-22 05:54:49] [INFO] [DEBUG] Config has been loaded. (took 8ms)
[25-01-22 05:54:49] [INFO] [DEBUG] Starting load of Lang at 1737521689611
[25-01-22 05:54:49] [INFO] [DEBUG] Lang has been loaded. (took 14ms)
[25-01-22 05:54:49] [INFO] [DEBUG] Starting load of UserManagerImpl at 1737521689625
[25-01-22 05:54:49] [INFO] [DEBUG] UserManagerImpl has been loaded. (took 1ms)
[25-01-22 05:54:49] [INFO] [DEBUG] Starting load of GuiListener at 1737521689626
[25-01-22 05:54:49] [INFO] [DEBUG] GuiListener has been loaded. (took 0ms)
[25-01-22 05:54:49] [INFO] [DEBUG] Starting load of KitManagerImpl at 1737521689626
[25-01-22 05:54:49] [INFO] KitManagerImpl: Loaded 1 kit(s).
[25-01-22 05:54:49] [INFO] [DEBUG] KitManagerImpl has been loaded. (took 83ms)
[25-01-22 05:54:49] [INFO] [DEBUG] Starting load of ArenaManagerImpl at 1737521689709
[25-01-22 05:54:49] [INFO] ArenaManagerImpl: Loaded 1 arena(s).
[25-01-22 05:54:49] [INFO] [DEBUG] ArenaManagerImpl has been loaded. (took 7ms)
[25-01-22 05:54:49] [INFO] [DEBUG] Starting load of SettingsManager at 1737521689716
[25-01-22 05:54:49] [INFO] [DEBUG] SettingsManager has been loaded. (took 0ms)
[25-01-22 05:54:49] [INFO] [DEBUG] Starting load of PlayerInfoManager at 1737521689716
[25-01-22 05:54:49] [INFO] [DEBUG] PlayerInfoManager has been loaded. (took 0ms)
[25-01-22 05:54:49] [INFO] [DEBUG] Starting load of SpectateManagerImpl at 1737521689716
[25-01-22 05:54:49] [INFO] [DEBUG] SpectateManagerImpl has been loaded. (took 1ms)
[25-01-22 05:54:49] [INFO] [DEBUG] Starting load of BettingManager at 1737521689717
[25-01-22 05:54:49] [INFO] BettingManager: Vault was not found! Money betting feature will be automatically disabled.
[25-01-22 05:54:49] [INFO] [DEBUG] BettingManager has been loaded. (took 0ms)
[25-01-22 05:54:49] [INFO] [DEBUG] Starting load of InventoryManager at 1737521689717
[25-01-22 05:54:49] [INFO] [DEBUG] InventoryManager has been loaded. (took 0ms)
[25-01-22 05:54:49] [INFO] [DEBUG] Starting load of DuelManager at 1737521689717
[25-01-22 05:54:49] [INFO] [DEBUG] DuelManager has been loaded. (took 0ms)
[25-01-22 05:54:49] [INFO] [DEBUG] Starting load of QueueManager at 1737521689717
[25-01-22 05:54:49] [INFO] QueueManager: Loaded 1 queue(s).
[25-01-22 05:54:49] [INFO] [DEBUG] QueueManager has been loaded. (took 2ms)
[25-01-22 05:54:49] [INFO] [DEBUG] Starting load of QueueSignManagerImpl at 1737521689719
[25-01-22 05:54:49] [INFO] QueueSignManagerImpl: Loaded 1 queue sign(s).
[25-01-22 05:54:49] [INFO] [DEBUG] QueueSignManagerImpl has been loaded. (took 22ms)
[25-01-22 05:54:49] [INFO] [DEBUG] Starting load of RequestManager at 1737521689741
[25-01-22 05:54:49] [INFO] [DEBUG] RequestManager has been loaded. (took 0ms)
[25-01-22 05:54:49] [INFO] [DEBUG] Starting load of Teleport at 1737521689741
[25-01-22 05:54:49] [INFO] [DEBUG] Teleport has been loaded. (took 1ms)
[25-01-22 05:54:49] [INFO] [DEBUG] Starting load of ExtensionManager at 1737521689742
[25-01-22 05:54:49] [INFO] [DEBUG] ExtensionManager has been loaded. (took 0ms)
[25-01-22 05:54:49] [INFO] [DEBUG] onDisable start -> 1737521689786

[25-01-22 05:54:49] [INFO] [DEBUG] Starting unload of ExtensionManager at 1737521689787
[25-01-22 05:54:49] [INFO] [DEBUG] ExtensionManager has been unloaded. (took 0ms)
[25-01-22 05:54:49] [INFO] [DEBUG] Starting unload of Teleport at 1737521689787
[25-01-22 05:54:49] [INFO] [DEBUG] Teleport has been unloaded. (took 0ms)
[25-01-22 05:54:49] [INFO] [DEBUG] Starting unload of RequestManager at 1737521689787
[25-01-22 05:54:49] [INFO] [DEBUG] RequestManager has been unloaded. (took 0ms)
[25-01-22 05:54:49] [INFO] [DEBUG] Starting unload of QueueSignManagerImpl at 1737521689788
[25-01-22 05:54:49] [INFO] [DEBUG] QueueSignManagerImpl has been unloaded. (took 0ms)
[25-01-22 05:54:49] [INFO] [DEBUG] Starting unload of QueueManager at 1737521689788
[25-01-22 05:54:49] [INFO] [DEBUG] QueueManager has been unloaded. (took 0ms)
[25-01-22 05:54:49] [INFO] [DEBUG] Starting unload of DuelManager at 1737521689788
[25-01-22 05:54:49] [INFO] [DEBUG] DuelManager has been unloaded. (took 0ms)
[25-01-22 05:54:49] [INFO] [DEBUG] Starting unload of InventoryManager at 1737521689788
[25-01-22 05:54:49] [INFO] [DEBUG] InventoryManager has been unloaded. (took 0ms)
[25-01-22 05:54:49] [INFO] [DEBUG] Starting unload of BettingManager at 1737521689788
[25-01-22 05:54:49] [INFO] [DEBUG] BettingManager has been unloaded. (took 0ms)
[25-01-22 05:54:49] [INFO] [DEBUG] Starting unload of SpectateManagerImpl at 1737521689788
[25-01-22 05:54:49] [INFO] [DEBUG] SpectateManagerImpl has been unloaded. (took 0ms)
[25-01-22 05:54:49] [INFO] [DEBUG] Starting unload of PlayerInfoManager at 1737521689788
[25-01-22 05:54:49] [INFO] [DEBUG] PlayerInfoManager has been unloaded. (took 1ms)
[25-01-22 05:54:49] [INFO] [DEBUG] Starting unload of SettingsManager at 1737521689789
[25-01-22 05:54:49] [INFO] [DEBUG] SettingsManager has been unloaded. (took 0ms)
[25-01-22 05:54:49] [INFO] [DEBUG] Starting unload of ArenaManagerImpl at 1737521689789
[25-01-22 05:54:49] [INFO] [DEBUG] ArenaManagerImpl has been unloaded. (took 0ms)
[25-01-22 05:54:49] [INFO] [DEBUG] Starting unload of KitManagerImpl at 1737521689789
[25-01-22 05:54:49] [INFO] [DEBUG] KitManagerImpl has been unloaded. (took 0ms)
[25-01-22 05:54:49] [INFO] [DEBUG] Starting unload of GuiListener at 1737521689789
[25-01-22 05:54:49] [INFO] [DEBUG] GuiListener has been unloaded. (took 0ms)
[25-01-22 05:54:49] [INFO] [DEBUG] Starting unload of UserManagerImpl at 1737521689789
[25-01-22 05:54:49] [INFO] [DEBUG] UserManagerImpl has been unloaded. (took 0ms)
[25-01-22 05:54:49] [INFO] [DEBUG] Starting unload of Lang at 1737521689789
[25-01-22 05:54:49] [INFO] [DEBUG] Lang has been unloaded. (took 1ms)
[25-01-22 05:54:49] [INFO] [DEBUG] Starting unload of Config at 1737521689790
[25-01-22 05:54:49] [INFO] [DEBUG] Config has been unloaded. (took 0ms)
[25-01-22 05:54:49] [INFO] [DEBUG] unload done (took 4ms)
[25-01-22 05:54:49] [INFO] [DEBUG] Log#clearSources done (took 0ms)
[25-01-22 05:55:01] [INFO] [DEBUG] onEnable start -> 1737521701325

[25-01-22 05:55:01] [INFO] [DEBUG] Starting load of Config at 1737521701353
[25-01-22 05:55:01] [INFO] [DEBUG] Config has been loaded. (took 7ms)
[25-01-22 05:55:01] [INFO] [DEBUG] Starting load of Lang at 1737521701360
[25-01-22 05:55:01] [INFO] [DEBUG] Lang has been loaded. (took 14ms)
[25-01-22 05:55:01] [INFO] [DEBUG] Starting load of UserManagerImpl at 1737521701374
[25-01-22 05:55:01] [INFO] [DEBUG] UserManagerImpl has been loaded. (took 0ms)
[25-01-22 05:55:01] [INFO] [DEBUG] Starting load of GuiListener at 1737521701374
[25-01-22 05:55:01] [INFO] [DEBUG] GuiListener has been loaded. (took 0ms)
[25-01-22 05:55:01] [INFO] [DEBUG] Starting load of KitManagerImpl at 1737521701375
[25-01-22 05:55:01] [INFO] KitManagerImpl: Loaded 1 kit(s).
[25-01-22 05:55:01] [INFO] [DEBUG] KitManagerImpl has been loaded. (took 77ms)
[25-01-22 05:55:01] [INFO] [DEBUG] Starting load of ArenaManagerImpl at 1737521701452
[25-01-22 05:55:01] [INFO] ArenaManagerImpl: Loaded 1 arena(s).
[25-01-22 05:55:01] [INFO] [DEBUG] ArenaManagerImpl has been loaded. (took 7ms)
[25-01-22 05:55:01] [INFO] [DEBUG] Starting load of SettingsManager at 1737521701459
[25-01-22 05:55:01] [INFO] [DEBUG] SettingsManager has been loaded. (took 0ms)
[25-01-22 05:55:01] [INFO] [DEBUG] Starting load of PlayerInfoManager at 1737521701459
[25-01-22 05:55:01] [INFO] [DEBUG] PlayerInfoManager has been loaded. (took 1ms)
[25-01-22 05:55:01] [INFO] [DEBUG] Starting load of SpectateManagerImpl at 1737521701460
[25-01-22 05:55:01] [INFO] [DEBUG] SpectateManagerImpl has been loaded. (took 0ms)
[25-01-22 05:55:01] [INFO] [DEBUG] Starting load of BettingManager at 1737521701460
[25-01-22 05:55:01] [INFO] BettingManager: Vault was not found! Money betting feature will be automatically disabled.
[25-01-22 05:55:01] [INFO] [DEBUG] BettingManager has been loaded. (took 0ms)
[25-01-22 05:55:01] [INFO] [DEBUG] Starting load of InventoryManager at 1737521701460
[25-01-22 05:55:01] [INFO] [DEBUG] InventoryManager has been loaded. (took 0ms)
[25-01-22 05:55:01] [INFO] [DEBUG] Starting load of DuelManager at 1737521701460
[25-01-22 05:55:01] [INFO] [DEBUG] DuelManager has been loaded. (took 0ms)
[25-01-22 05:55:01] [INFO] [DEBUG] Starting load of QueueManager at 1737521701460
[25-01-22 05:55:01] [INFO] QueueManager: Loaded 1 queue(s).
[25-01-22 05:55:01] [INFO] [DEBUG] QueueManager has been loaded. (took 3ms)
[25-01-22 05:55:01] [INFO] [DEBUG] Starting load of QueueSignManagerImpl at 1737521701463
[25-01-22 05:55:01] [INFO] QueueSignManagerImpl: Loaded 1 queue sign(s).
[25-01-22 05:55:01] [INFO] [DEBUG] QueueSignManagerImpl has been loaded. (took 10ms)
[25-01-22 05:55:01] [INFO] [DEBUG] Starting load of RequestManager at 1737521701473
[25-01-22 05:55:01] [INFO] [DEBUG] RequestManager has been loaded. (took 0ms)
[25-01-22 05:55:01] [INFO] [DEBUG] Starting load of Teleport at 1737521701473
[25-01-22 05:55:01] [INFO] [DEBUG] Teleport has been loaded. (took 0ms)
[25-01-22 05:55:01] [INFO] [DEBUG] Starting load of ExtensionManager at 1737521701473
[25-01-22 05:55:01] [INFO] [DEBUG] ExtensionManager has been loaded. (took 0ms)
[25-01-22 05:55:01] [INFO] No updates were available. You are on the latest version!
[25-01-22 06:00:18] [INFO] [DEBUG] onDisable start -> 1737522018260

[25-01-22 06:00:18] [INFO] [DEBUG] Starting unload of ExtensionManager at 1737522018262
[25-01-22 06:00:18] [INFO] [DEBUG] ExtensionManager has been unloaded. (took 0ms)
[25-01-22 06:00:18] [INFO] [DEBUG] Starting unload of Teleport at 1737522018262
[25-01-22 06:00:18] [INFO] [DEBUG] Teleport has been unloaded. (took 0ms)
[25-01-22 06:00:18] [INFO] [DEBUG] Starting unload of RequestManager at 1737522018262
[25-01-22 06:00:18] [INFO] [DEBUG] RequestManager has been unloaded. (took 0ms)
[25-01-22 06:00:18] [INFO] [DEBUG] Starting unload of QueueSignManagerImpl at 1737522018262
[25-01-22 06:00:18] [INFO] [DEBUG] QueueSignManagerImpl has been unloaded. (took 1ms)
[25-01-22 06:00:18] [INFO] [DEBUG] Starting unload of QueueManager at 1737522018263
[25-01-22 06:00:18] [INFO] [DEBUG] QueueManager has been unloaded. (took 0ms)
[25-01-22 06:00:18] [INFO] [DEBUG] Starting unload of DuelManager at 1737522018263
[25-01-22 06:00:18] [INFO] [DEBUG] DuelManager has been unloaded. (took 0ms)
[25-01-22 06:00:18] [INFO] [DEBUG] Starting unload of InventoryManager at 1737522018263
[25-01-22 06:00:18] [INFO] [DEBUG] InventoryManager has been unloaded. (took 0ms)
[25-01-22 06:00:18] [INFO] [DEBUG] Starting unload of BettingManager at 1737522018263
[25-01-22 06:00:18] [INFO] [DEBUG] BettingManager has been unloaded. (took 0ms)
[25-01-22 06:00:18] [INFO] [DEBUG] Starting unload of SpectateManagerImpl at 1737522018263
[25-01-22 06:00:18] [INFO] [DEBUG] SpectateManagerImpl has been unloaded. (took 0ms)
[25-01-22 06:00:18] [INFO] [DEBUG] Starting unload of PlayerInfoManager at 1737522018263
[25-01-22 06:00:18] [INFO] [DEBUG] PlayerInfoManager has been unloaded. (took 1ms)
[25-01-22 06:00:18] [INFO] [DEBUG] Starting unload of SettingsManager at 1737522018264
[25-01-22 06:00:18] [INFO] [DEBUG] SettingsManager has been unloaded. (took 0ms)
[25-01-22 06:00:18] [INFO] [DEBUG] Starting unload of ArenaManagerImpl at 1737522018264
[25-01-22 06:00:18] [INFO] [DEBUG] ArenaManagerImpl has been unloaded. (took 0ms)
[25-01-22 06:00:18] [INFO] [DEBUG] Starting unload of KitManagerImpl at 1737522018264
[25-01-22 06:00:18] [INFO] [DEBUG] KitManagerImpl has been unloaded. (took 0ms)
[25-01-22 06:00:18] [INFO] [DEBUG] Starting unload of GuiListener at 1737522018264
[25-01-22 06:00:18] [INFO] [DEBUG] GuiListener has been unloaded. (took 0ms)
[25-01-22 06:00:18] [INFO] [DEBUG] Starting unload of UserManagerImpl at 1737522018264
[25-01-22 06:00:18] [INFO] [DEBUG] UserManagerImpl has been unloaded. (took 0ms)
[25-01-22 06:00:18] [INFO] [DEBUG] Starting unload of Lang at 1737522018264
[25-01-22 06:00:18] [INFO] [DEBUG] Lang has been unloaded. (took 0ms)
[25-01-22 06:00:18] [INFO] [DEBUG] Starting unload of Config at 1737522018264
[25-01-22 06:00:18] [INFO] [DEBUG] Config has been unloaded. (took 0ms)
[25-01-22 06:00:18] [INFO] [DEBUG] unload done (took 4ms)
[25-01-22 06:00:18] [INFO] [DEBUG] Log#clearSources done (took 0ms)
[25-01-22 15:39:25] [INFO] [DEBUG] onEnable start -> 1737556765163

[25-01-22 15:39:25] [INFO] [DEBUG] Starting load of Config at 1737556765197
[25-01-22 15:39:25] [INFO] [DEBUG] Config has been loaded. (took 11ms)
[25-01-22 15:39:25] [INFO] [DEBUG] Starting load of Lang at 1737556765209
[25-01-22 15:39:25] [INFO] [DEBUG] Lang has been loaded. (took 16ms)
[25-01-22 15:39:25] [INFO] [DEBUG] Starting load of UserManagerImpl at 1737556765225
[25-01-22 15:39:25] [INFO] [DEBUG] UserManagerImpl has been loaded. (took 0ms)
[25-01-22 15:39:25] [INFO] [DEBUG] Starting load of GuiListener at 1737556765226
[25-01-22 15:39:25] [INFO] [DEBUG] GuiListener has been loaded. (took 0ms)
[25-01-22 15:39:25] [INFO] [DEBUG] Starting load of KitManagerImpl at 1737556765226
[25-01-22 15:39:25] [INFO] KitManagerImpl: Loaded 1 kit(s).
[25-01-22 15:39:25] [INFO] [DEBUG] KitManagerImpl has been loaded. (took 88ms)
[25-01-22 15:39:25] [INFO] [DEBUG] Starting load of ArenaManagerImpl at 1737556765314
[25-01-22 15:39:25] [INFO] ArenaManagerImpl: Loaded 1 arena(s).
[25-01-22 15:39:25] [INFO] [DEBUG] ArenaManagerImpl has been loaded. (took 8ms)
[25-01-22 15:39:25] [INFO] [DEBUG] Starting load of SettingsManager at 1737556765322
[25-01-22 15:39:25] [INFO] [DEBUG] SettingsManager has been loaded. (took 1ms)
[25-01-22 15:39:25] [INFO] [DEBUG] Starting load of PlayerInfoManager at 1737556765323
[25-01-22 15:39:25] [INFO] [DEBUG] PlayerInfoManager has been loaded. (took 0ms)
[25-01-22 15:39:25] [INFO] [DEBUG] Starting load of SpectateManagerImpl at 1737556765323
[25-01-22 15:39:25] [INFO] [DEBUG] SpectateManagerImpl has been loaded. (took 0ms)
[25-01-22 15:39:25] [INFO] [DEBUG] Starting load of BettingManager at 1737556765324
[25-01-22 15:39:25] [INFO] BettingManager: Vault was not found! Money betting feature will be automatically disabled.
[25-01-22 15:39:25] [INFO] [DEBUG] BettingManager has been loaded. (took 0ms)
[25-01-22 15:39:25] [INFO] [DEBUG] Starting load of InventoryManager at 1737556765324
[25-01-22 15:39:25] [INFO] [DEBUG] InventoryManager has been loaded. (took 0ms)
[25-01-22 15:39:25] [INFO] [DEBUG] Starting load of DuelManager at 1737556765324
[25-01-22 15:39:25] [INFO] [DEBUG] DuelManager has been loaded. (took 0ms)
[25-01-22 15:39:25] [INFO] [DEBUG] Starting load of QueueManager at 1737556765324
[25-01-22 15:39:25] [INFO] QueueManager: Loaded 1 queue(s).
[25-01-22 15:39:25] [INFO] [DEBUG] QueueManager has been loaded. (took 2ms)
[25-01-22 15:39:25] [INFO] [DEBUG] Starting load of QueueSignManagerImpl at 1737556765326
[25-01-22 15:39:25] [INFO] QueueSignManagerImpl: Loaded 1 queue sign(s).
[25-01-22 15:39:25] [INFO] [DEBUG] QueueSignManagerImpl has been loaded. (took 11ms)
[25-01-22 15:39:25] [INFO] [DEBUG] Starting load of RequestManager at 1737556765337
[25-01-22 15:39:25] [INFO] [DEBUG] RequestManager has been loaded. (took 0ms)
[25-01-22 15:39:25] [INFO] [DEBUG] Starting load of Teleport at 1737556765337
[25-01-22 15:39:25] [INFO] [DEBUG] Teleport has been loaded. (took 1ms)
[25-01-22 15:39:25] [INFO] [DEBUG] Starting load of ExtensionManager at 1737556765338
[25-01-22 15:39:25] [INFO] [DEBUG] ExtensionManager has been loaded. (took 0ms)
[25-01-22 15:39:25] [INFO] No updates were available. You are on the latest version!
[25-01-22 15:40:36] [INFO] [DEBUG] onDisable start -> 1737556836033

[25-01-22 15:40:36] [INFO] [DEBUG] Starting unload of ExtensionManager at 1737556836034
[25-01-22 15:40:36] [INFO] [DEBUG] ExtensionManager has been unloaded. (took 1ms)
[25-01-22 15:40:36] [INFO] [DEBUG] Starting unload of Teleport at 1737556836035
[25-01-22 15:40:36] [INFO] [DEBUG] Teleport has been unloaded. (took 0ms)
[25-01-22 15:40:36] [INFO] [DEBUG] Starting unload of RequestManager at 1737556836035
[25-01-22 15:40:36] [INFO] [DEBUG] RequestManager has been unloaded. (took 0ms)
[25-01-22 15:40:36] [INFO] [DEBUG] Starting unload of QueueSignManagerImpl at 1737556836035
[25-01-22 15:40:36] [INFO] [DEBUG] QueueSignManagerImpl has been unloaded. (took 0ms)
[25-01-22 15:40:36] [INFO] [DEBUG] Starting unload of QueueManager at 1737556836035
[25-01-22 15:40:36] [INFO] [DEBUG] QueueManager has been unloaded. (took 1ms)
[25-01-22 15:40:36] [INFO] [DEBUG] Starting unload of DuelManager at 1737556836036
[25-01-22 15:40:36] [INFO] [DEBUG] DuelManager has been unloaded. (took 0ms)
[25-01-22 15:40:36] [INFO] [DEBUG] Starting unload of InventoryManager at 1737556836036
[25-01-22 15:40:36] [INFO] [DEBUG] InventoryManager has been unloaded. (took 0ms)
[25-01-22 15:40:36] [INFO] [DEBUG] Starting unload of BettingManager at 1737556836036
[25-01-22 15:40:36] [INFO] [DEBUG] BettingManager has been unloaded. (took 0ms)
[25-01-22 15:40:36] [INFO] [DEBUG] Starting unload of SpectateManagerImpl at 1737556836036
[25-01-22 15:40:36] [INFO] [DEBUG] SpectateManagerImpl has been unloaded. (took 0ms)
[25-01-22 15:40:36] [INFO] [DEBUG] Starting unload of PlayerInfoManager at 1737556836036
[25-01-22 15:40:36] [INFO] [DEBUG] PlayerInfoManager has been unloaded. (took 0ms)
[25-01-22 15:40:36] [INFO] [DEBUG] Starting unload of SettingsManager at 1737556836036
[25-01-22 15:40:36] [INFO] [DEBUG] SettingsManager has been unloaded. (took 0ms)
[25-01-22 15:40:36] [INFO] [DEBUG] Starting unload of ArenaManagerImpl at 1737556836036
[25-01-22 15:40:36] [INFO] [DEBUG] ArenaManagerImpl has been unloaded. (took 0ms)
[25-01-22 15:40:36] [INFO] [DEBUG] Starting unload of KitManagerImpl at 1737556836036
[25-01-22 15:40:36] [INFO] [DEBUG] KitManagerImpl has been unloaded. (took 0ms)
[25-01-22 15:40:36] [INFO] [DEBUG] Starting unload of GuiListener at 1737556836036
[25-01-22 15:40:36] [INFO] [DEBUG] GuiListener has been unloaded. (took 1ms)
[25-01-22 15:40:36] [INFO] [DEBUG] Starting unload of UserManagerImpl at 1737556836037
[25-01-22 15:40:36] [INFO] [DEBUG] UserManagerImpl has been unloaded. (took 0ms)
[25-01-22 15:40:36] [INFO] [DEBUG] Starting unload of Lang at 1737556836037
[25-01-22 15:40:36] [INFO] [DEBUG] Lang has been unloaded. (took 0ms)
[25-01-22 15:40:36] [INFO] [DEBUG] Starting unload of Config at 1737556836037
[25-01-22 15:40:36] [INFO] [DEBUG] Config has been unloaded. (took 0ms)
[25-01-22 15:40:36] [INFO] [DEBUG] unload done (took 5ms)
[25-01-22 15:40:36] [INFO] [DEBUG] Log#clearSources done (took 0ms)
[25-01-22 15:41:47] [INFO] [DEBUG] onEnable start -> 1737556907158

[25-01-22 15:41:47] [INFO] [DEBUG] Starting load of Config at 1737556907192
[25-01-22 15:41:47] [INFO] [DEBUG] Config has been loaded. (took 8ms)
[25-01-22 15:41:47] [INFO] [DEBUG] Starting load of Lang at 1737556907200
[25-01-22 15:41:47] [INFO] [DEBUG] Lang has been loaded. (took 13ms)
[25-01-22 15:41:47] [INFO] [DEBUG] Starting load of UserManagerImpl at 1737556907213
[25-01-22 15:41:47] [INFO] [DEBUG] UserManagerImpl has been loaded. (took 2ms)
[25-01-22 15:41:47] [INFO] [DEBUG] Starting load of GuiListener at 1737556907215
[25-01-22 15:41:47] [INFO] [DEBUG] GuiListener has been loaded. (took 0ms)
[25-01-22 15:41:47] [INFO] [DEBUG] Starting load of KitManagerImpl at 1737556907215
[25-01-22 15:41:47] [INFO] KitManagerImpl: Loaded 1 kit(s).
[25-01-22 15:41:47] [INFO] [DEBUG] KitManagerImpl has been loaded. (took 95ms)
[25-01-22 15:41:47] [INFO] [DEBUG] Starting load of ArenaManagerImpl at 1737556907310
[25-01-22 15:41:47] [INFO] ArenaManagerImpl: Loaded 1 arena(s).
[25-01-22 15:41:47] [INFO] [DEBUG] ArenaManagerImpl has been loaded. (took 10ms)
[25-01-22 15:41:47] [INFO] [DEBUG] Starting load of SettingsManager at 1737556907320
[25-01-22 15:41:47] [INFO] [DEBUG] SettingsManager has been loaded. (took 0ms)
[25-01-22 15:41:47] [INFO] [DEBUG] Starting load of PlayerInfoManager at 1737556907320
[25-01-22 15:41:47] [INFO] [DEBUG] PlayerInfoManager has been loaded. (took 0ms)
[25-01-22 15:41:47] [INFO] [DEBUG] Starting load of SpectateManagerImpl at 1737556907320
[25-01-22 15:41:47] [INFO] [DEBUG] SpectateManagerImpl has been loaded. (took 0ms)
[25-01-22 15:41:47] [INFO] [DEBUG] Starting load of BettingManager at 1737556907320
[25-01-22 15:41:47] [INFO] BettingManager: Vault was not found! Money betting feature will be automatically disabled.
[25-01-22 15:41:47] [INFO] [DEBUG] BettingManager has been loaded. (took 0ms)
[25-01-22 15:41:47] [INFO] [DEBUG] Starting load of InventoryManager at 1737556907320
[25-01-22 15:41:47] [INFO] [DEBUG] InventoryManager has been loaded. (took 0ms)
[25-01-22 15:41:47] [INFO] [DEBUG] Starting load of DuelManager at 1737556907320
[25-01-22 15:41:47] [INFO] [DEBUG] DuelManager has been loaded. (took 0ms)
[25-01-22 15:41:47] [INFO] [DEBUG] Starting load of QueueManager at 1737556907320
[25-01-22 15:41:47] [INFO] QueueManager: Loaded 1 queue(s).
[25-01-22 15:41:47] [INFO] [DEBUG] QueueManager has been loaded. (took 4ms)
[25-01-22 15:41:47] [INFO] [DEBUG] Starting load of QueueSignManagerImpl at 1737556907324
[25-01-22 15:41:47] [INFO] QueueSignManagerImpl: Loaded 1 queue sign(s).
[25-01-22 15:41:47] [INFO] [DEBUG] QueueSignManagerImpl has been loaded. (took 22ms)
[25-01-22 15:41:47] [INFO] [DEBUG] Starting load of RequestManager at 1737556907346
[25-01-22 15:41:47] [INFO] [DEBUG] RequestManager has been loaded. (took 0ms)
[25-01-22 15:41:47] [INFO] [DEBUG] Starting load of Teleport at 1737556907346
[25-01-22 15:41:47] [INFO] [DEBUG] Teleport has been loaded. (took 0ms)
[25-01-22 15:41:47] [INFO] [DEBUG] Starting load of ExtensionManager at 1737556907346
[25-01-22 15:41:47] [INFO] [DEBUG] ExtensionManager has been loaded. (took 0ms)
[25-01-22 15:41:47] [INFO] No updates were available. You are on the latest version!
[25-01-22 16:11:07] [INFO] [DEBUG] onDisable start -> 1737558667977

[25-01-22 16:11:07] [INFO] [DEBUG] Starting unload of ExtensionManager at 1737558667978
[25-01-22 16:11:07] [INFO] [DEBUG] ExtensionManager has been unloaded. (took 0ms)
[25-01-22 16:11:07] [INFO] [DEBUG] Starting unload of Teleport at 1737558667978
[25-01-22 16:11:07] [INFO] [DEBUG] Teleport has been unloaded. (took 0ms)
[25-01-22 16:11:07] [INFO] [DEBUG] Starting unload of RequestManager at 1737558667978
[25-01-22 16:11:07] [INFO] [DEBUG] RequestManager has been unloaded. (took 0ms)
[25-01-22 16:11:07] [INFO] [DEBUG] Starting unload of QueueSignManagerImpl at 1737558667978
[25-01-22 16:11:07] [INFO] [DEBUG] QueueSignManagerImpl has been unloaded. (took 1ms)
[25-01-22 16:11:07] [INFO] [DEBUG] Starting unload of QueueManager at 1737558667979
[25-01-22 16:11:07] [INFO] [DEBUG] QueueManager has been unloaded. (took 0ms)
[25-01-22 16:11:07] [INFO] [DEBUG] Starting unload of DuelManager at 1737558667979
[25-01-22 16:11:07] [INFO] [DEBUG] DuelManager has been unloaded. (took 0ms)
[25-01-22 16:11:07] [INFO] [DEBUG] Starting unload of InventoryManager at 1737558667979
[25-01-22 16:11:07] [INFO] [DEBUG] InventoryManager has been unloaded. (took 0ms)
[25-01-22 16:11:07] [INFO] [DEBUG] Starting unload of BettingManager at 1737558667979
[25-01-22 16:11:07] [INFO] [DEBUG] BettingManager has been unloaded. (took 0ms)
[25-01-22 16:11:07] [INFO] [DEBUG] Starting unload of SpectateManagerImpl at 1737558667979
[25-01-22 16:11:07] [INFO] [DEBUG] SpectateManagerImpl has been unloaded. (took 0ms)
[25-01-22 16:11:07] [INFO] [DEBUG] Starting unload of PlayerInfoManager at 1737558667979
[25-01-22 16:11:07] [INFO] [DEBUG] PlayerInfoManager has been unloaded. (took 1ms)
[25-01-22 16:11:07] [INFO] [DEBUG] Starting unload of SettingsManager at 1737558667980
[25-01-22 16:11:07] [INFO] [DEBUG] SettingsManager has been unloaded. (took 0ms)
[25-01-22 16:11:07] [INFO] [DEBUG] Starting unload of ArenaManagerImpl at 1737558667980
[25-01-22 16:11:07] [INFO] [DEBUG] ArenaManagerImpl has been unloaded. (took 0ms)
[25-01-22 16:11:07] [INFO] [DEBUG] Starting unload of KitManagerImpl at 1737558667980
[25-01-22 16:11:07] [INFO] [DEBUG] KitManagerImpl has been unloaded. (took 0ms)
[25-01-22 16:11:07] [INFO] [DEBUG] Starting unload of GuiListener at 1737558667980
[25-01-22 16:11:07] [INFO] [DEBUG] GuiListener has been unloaded. (took 0ms)
[25-01-22 16:11:07] [INFO] [DEBUG] Starting unload of UserManagerImpl at 1737558667980
[25-01-22 16:11:07] [INFO] [DEBUG] UserManagerImpl has been unloaded. (took 0ms)
[25-01-22 16:11:07] [INFO] [DEBUG] Starting unload of Lang at 1737558667980
[25-01-22 16:11:07] [INFO] [DEBUG] Lang has been unloaded. (took 0ms)
[25-01-22 16:11:07] [INFO] [DEBUG] Starting unload of Config at 1737558667980
[25-01-22 16:11:07] [INFO] [DEBUG] Config has been unloaded. (took 0ms)
[25-01-22 16:11:07] [INFO] [DEBUG] unload done (took 3ms)
[25-01-22 16:11:07] [INFO] [DEBUG] Log#clearSources done (took 0ms)
